-------------------------------------------------------------------------------
Test set: it.unipd.mtss.IntegerToRomanTest
-------------------------------------------------------------------------------
Tests run: 9, Failures: 1, Errors: 0, Skipped: 0, Time elapsed: 0.001 s <<< FAILURE! - in it.unipd.mtss.IntegerToRomanTest
lowerOutOfBounds(it.unipd.mtss.IntegerToRomanTest)  Time elapsed: 0.001 s  <<< FAILURE!
java.lang.AssertionError: Expected exception: java.lang.IllegalArgumentException

